\BOOKMARK [1][-]{section.1}{Question 1:}{}% 1
\BOOKMARK [2][-]{subsection.1.1}{Brute force method:}{section.1}% 2
\BOOKMARK [2][-]{subsection.1.2}{Dynamic Programming}{section.1}% 3
\BOOKMARK [2][-]{subsection.1.3}{Conclusion:}{section.1}% 4
\BOOKMARK [1][-]{section.2}{Question 2:}{}% 5
\BOOKMARK [2][-]{subsection.2.1}{Part a:}{section.2}% 6
\BOOKMARK [2][-]{subsection.2.2}{Part b:}{section.2}% 7
\BOOKMARK [1][-]{section.3}{Question 3:}{}% 8
\BOOKMARK [2][-]{subsection.3.1}{Part a:}{section.3}% 9
\BOOKMARK [2][-]{subsection.3.2}{Part b:}{section.3}% 10
\BOOKMARK [1][-]{section.4}{Question 4:}{}% 11
\BOOKMARK [1][-]{section.5}{Question 5:}{}% 12
\BOOKMARK [2][-]{subsection.5.1}{Part a:}{section.5}% 13
\BOOKMARK [2][-]{subsection.5.2}{Part b:}{section.5}% 14
\BOOKMARK [1][-]{section.6}{Question 6:}{}% 15
\BOOKMARK [2][-]{subsection.6.1}{Part a:}{section.6}% 16
\BOOKMARK [2][-]{subsection.6.2}{Part b:}{section.6}% 17
\BOOKMARK [2][-]{subsection.6.3}{Part c:}{section.6}% 18
\BOOKMARK [2][-]{subsection.6.4}{Part d:}{section.6}% 19
\BOOKMARK [1][-]{section.7}{References:}{}% 20
